\BOOKMARK [1][-]{section*.4}{Abbildungsverzeichnis}{}% 1
\BOOKMARK [1][-]{section*.5}{Abk\374rzungsverzeichnis}{}% 2
\BOOKMARK [1][-]{section.1}{Einleitung}{}% 3
\BOOKMARK [2][-]{subsection.1.1}{Motivation}{section.1}% 4
\BOOKMARK [2][-]{subsection.1.2}{Zielsetzung}{section.1}% 5
\BOOKMARK [1][-]{section.2}{Theoretische Grundlagen}{}% 6
\BOOKMARK [2][-]{subsection.2.1}{Graphentheorie}{section.2}% 7
\BOOKMARK [3][-]{subsubsection.2.1.1}{Gerichtete Graphen}{subsection.2.1}% 8
\BOOKMARK [3][-]{subsubsection.2.1.2}{Gewichtete Graphen}{subsection.2.1}% 9
\BOOKMARK [3][-]{subsubsection.2.1.3}{Bau eines Graphen aus OpenStreetMap Daten}{subsection.2.1}% 10
\BOOKMARK [2][-]{subsection.2.2}{Routing}{section.2}% 11
\BOOKMARK [3][-]{subsubsection.2.2.1}{Shortest Path Problem}{subsection.2.2}% 12
\BOOKMARK [3][-]{subsubsection.2.2.2}{Dijkstra-Algorithmus}{subsection.2.2}% 13
\BOOKMARK [3][-]{subsubsection.2.2.3}{Speedup Techniken}{subsection.2.2}% 14
\BOOKMARK [2][-]{subsection.2.3}{Isochronen Berechnung}{section.2}% 15
\BOOKMARK [3][-]{subsubsection.2.3.1}{Gitterbasierter Ansatz}{subsection.2.3}% 16
\BOOKMARK [3][-]{subsubsection.2.3.2}{Dreiecksvermaschung}{subsection.2.3}% 17
\BOOKMARK [3][-]{subsubsection.2.3.3}{Formenbasierter Ansatz}{subsection.2.3}% 18
\BOOKMARK [1][-]{section.3}{Methodik}{}% 19
\BOOKMARK [2][-]{subsection.3.1}{Informations Erhebung}{section.3}% 20
\BOOKMARK [2][-]{subsection.3.2}{Generierung des Routing-Profils}{section.3}% 21
\BOOKMARK [2][-]{subsection.3.3}{Anpassungen Frontend}{section.3}% 22
\BOOKMARK [1][-]{section.4}{Ergebnisse}{}% 23
\BOOKMARK [1][-]{section.5}{Fazit}{}% 24
\BOOKMARK [1][-]{section.6}{Future Work or Ausblick}{}% 25
\BOOKMARK [1][-]{section.7}{Anhang}{}% 26
\BOOKMARK [2][-]{subsection.7.1}{Copyrights}{section.7}% 27
