This is pdfTeX, Version 3.14159265-2.6-1.40.16 (TeX Live 2015/Debian) (preloaded format=pdflatex 2017.8.24)  30 SEP 2017 06:32
entering extended mode
 restricted \write18 enabled.
 %&-line parsing enabled.
**Thesis.tex
(./Thesis.tex
LaTeX2e <2016/02/01>
Babel <3.9q> and hyphenation patterns for 81 language(s) loaded.
(/usr/share/texlive/texmf-dist/tex/latex/base/article.cls
Document Class: article 2014/09/29 v1.4h Standard LaTeX document class
(/usr/share/texlive/texmf-dist/tex/latex/base/size12.clo
File: size12.clo 2014/09/29 v1.4h Standard LaTeX file (size option)
)
\c@part=\count79
\c@section=\count80
\c@subsection=\count81
\c@subsubsection=\count82
\c@paragraph=\count83
\c@subparagraph=\count84
\c@figure=\count85
\c@table=\count86
\abovecaptionskip=\skip41
\belowcaptionskip=\skip42
\bibindent=\dimen102
)
(/usr/share/texlive/texmf-dist/tex/latex/base/inputenc.sty
Package: inputenc 2015/03/17 v1.2c Input encoding file
\inpenc@prehook=\toks14
\inpenc@posthook=\toks15

(/usr/share/texlive/texmf-dist/tex/latex/base/utf8.def
File: utf8.def 2015/12/03 v1.1r UTF-8 support for inputenc
Now handling font encoding OML ...
... no UTF-8 mapping file for font encoding OML
Now handling font encoding T1 ...
... processing UTF-8 mapping file for font encoding T1

(/usr/share/texlive/texmf-dist/tex/latex/base/t1enc.dfu
File: t1enc.dfu 2015/12/03 v1.1r UTF-8 support for inputenc
   defining Unicode char U+00A0 (decimal 160)
   defining Unicode char U+00A1 (decimal 161)
   defining Unicode char U+00A3 (decimal 163)
   defining Unicode char U+00AB (decimal 171)
   defining Unicode char U+00AD (decimal 173)
   defining Unicode char U+00BB (decimal 187)
   defining Unicode char U+00BF (decimal 191)
   defining Unicode char U+00C0 (decimal 192)
   defining Unicode char U+00C1 (decimal 193)
   defining Unicode char U+00C2 (decimal 194)
   defining Unicode char U+00C3 (decimal 195)
   defining Unicode char U+00C4 (decimal 196)
   defining Unicode char U+00C5 (decimal 197)
   defining Unicode char U+00C6 (decimal 198)
   defining Unicode char U+00C7 (decimal 199)
   defining Unicode char U+00C8 (decimal 200)
   defining Unicode char U+00C9 (decimal 201)
   defining Unicode char U+00CA (decimal 202)
   defining Unicode char U+00CB (decimal 203)
   defining Unicode char U+00CC (decimal 204)
   defining Unicode char U+00CD (decimal 205)
   defining Unicode char U+00CE (decimal 206)
   defining Unicode char U+00CF (decimal 207)
   defining Unicode char U+00D0 (decimal 208)
   defining Unicode char U+00D1 (decimal 209)
   defining Unicode char U+00D2 (decimal 210)
   defining Unicode char U+00D3 (decimal 211)
   defining Unicode char U+00D4 (decimal 212)
   defining Unicode char U+00D5 (decimal 213)
   defining Unicode char U+00D6 (decimal 214)
   defining Unicode char U+00D8 (decimal 216)
   defining Unicode char U+00D9 (decimal 217)
   defining Unicode char U+00DA (decimal 218)
   defining Unicode char U+00DB (decimal 219)
   defining Unicode char U+00DC (decimal 220)
   defining Unicode char U+00DD (decimal 221)
   defining Unicode char U+00DE (decimal 222)
   defining Unicode char U+00DF (decimal 223)
   defining Unicode char U+00E0 (decimal 224)
   defining Unicode char U+00E1 (decimal 225)
   defining Unicode char U+00E2 (decimal 226)
   defining Unicode char U+00E3 (decimal 227)
   defining Unicode char U+00E4 (decimal 228)
   defining Unicode char U+00E5 (decimal 229)
   defining Unicode char U+00E6 (decimal 230)
   defining Unicode char U+00E7 (decimal 231)
   defining Unicode char U+00E8 (decimal 232)
   defining Unicode char U+00E9 (decimal 233)
   defining Unicode char U+00EA (decimal 234)
   defining Unicode char U+00EB (decimal 235)
   defining Unicode char U+00EC (decimal 236)
   defining Unicode char U+00ED (decimal 237)
   defining Unicode char U+00EE (decimal 238)
   defining Unicode char U+00EF (decimal 239)
   defining Unicode char U+00F0 (decimal 240)
   defining Unicode char U+00F1 (decimal 241)
   defining Unicode char U+00F2 (decimal 242)
   defining Unicode char U+00F3 (decimal 243)
   defining Unicode char U+00F4 (decimal 244)
   defining Unicode char U+00F5 (decimal 245)
   defining Unicode char U+00F6 (decimal 246)
   defining Unicode char U+00F8 (decimal 248)
   defining Unicode char U+00F9 (decimal 249)
   defining Unicode char U+00FA (decimal 250)
   defining Unicode char U+00FB (decimal 251)
   defining Unicode char U+00FC (decimal 252)
   defining Unicode char U+00FD (decimal 253)
   defining Unicode char U+00FE (decimal 254)
   defining Unicode char U+00FF (decimal 255)
   defining Unicode char U+0100 (decimal 256)
   defining Unicode char U+0101 (decimal 257)
   defining Unicode char U+0102 (decimal 258)
   defining Unicode char U+0103 (decimal 259)
   defining Unicode char U+0104 (decimal 260)
   defining Unicode char U+0105 (decimal 261)
   defining Unicode char U+0106 (decimal 262)
   defining Unicode char U+0107 (decimal 263)
   defining Unicode char U+0108 (decimal 264)
   defining Unicode char U+0109 (decimal 265)
   defining Unicode char U+010A (decimal 266)
   defining Unicode char U+010B (decimal 267)
   defining Unicode char U+010C (decimal 268)
   defining Unicode char U+010D (decimal 269)
   defining Unicode char U+010E (decimal 270)
   defining Unicode char U+010F (decimal 271)
   defining Unicode char U+0110 (decimal 272)
   defining Unicode char U+0111 (decimal 273)
   defining Unicode char U+0112 (decimal 274)
   defining Unicode char U+0113 (decimal 275)
   defining Unicode char U+0114 (decimal 276)
   defining Unicode char U+0115 (decimal 277)
   defining Unicode char U+0116 (decimal 278)
   defining Unicode char U+0117 (decimal 279)
   defining Unicode char U+0118 (decimal 280)
   defining Unicode char U+0119 (decimal 281)
   defining Unicode char U+011A (decimal 282)
   defining Unicode char U+011B (decimal 283)
   defining Unicode char U+011C (decimal 284)
   defining Unicode char U+011D (decimal 285)
   defining Unicode char U+011E (decimal 286)
   defining Unicode char U+011F (decimal 287)
   defining Unicode char U+0120 (decimal 288)
   defining Unicode char U+0121 (decimal 289)
   defining Unicode char U+0122 (decimal 290)
   defining Unicode char U+0123 (decimal 291)
   defining Unicode char U+0124 (decimal 292)
   defining Unicode char U+0125 (decimal 293)
   defining Unicode char U+0128 (decimal 296)
   defining Unicode char U+0129 (decimal 297)
   defining Unicode char U+012A (decimal 298)
   defining Unicode char U+012B (decimal 299)
   defining Unicode char U+012C (decimal 300)
   defining Unicode char U+012D (decimal 301)
   defining Unicode char U+012E (decimal 302)
   defining Unicode char U+012F (decimal 303)
   defining Unicode char U+0130 (decimal 304)
   defining Unicode char U+0131 (decimal 305)
   defining Unicode char U+0132 (decimal 306)
   defining Unicode char U+0133 (decimal 307)
   defining Unicode char U+0134 (decimal 308)
   defining Unicode char U+0135 (decimal 309)
   defining Unicode char U+0136 (decimal 310)
   defining Unicode char U+0137 (decimal 311)
   defining Unicode char U+0139 (decimal 313)
   defining Unicode char U+013A (decimal 314)
   defining Unicode char U+013B (decimal 315)
   defining Unicode char U+013C (decimal 316)
   defining Unicode char U+013D (decimal 317)
   defining Unicode char U+013E (decimal 318)
   defining Unicode char U+0141 (decimal 321)
   defining Unicode char U+0142 (decimal 322)
   defining Unicode char U+0143 (decimal 323)
   defining Unicode char U+0144 (decimal 324)
   defining Unicode char U+0145 (decimal 325)
   defining Unicode char U+0146 (decimal 326)
   defining Unicode char U+0147 (decimal 327)
   defining Unicode char U+0148 (decimal 328)
   defining Unicode char U+014A (decimal 330)
   defining Unicode char U+014B (decimal 331)
   defining Unicode char U+014C (decimal 332)
   defining Unicode char U+014D (decimal 333)
   defining Unicode char U+014E (decimal 334)
   defining Unicode char U+014F (decimal 335)
   defining Unicode char U+0150 (decimal 336)
   defining Unicode char U+0151 (decimal 337)
   defining Unicode char U+0152 (decimal 338)
   defining Unicode char U+0153 (decimal 339)
   defining Unicode char U+0154 (decimal 340)
   defining Unicode char U+0155 (decimal 341)
   defining Unicode char U+0156 (decimal 342)
   defining Unicode char U+0157 (decimal 343)
   defining Unicode char U+0158 (decimal 344)
   defining Unicode char U+0159 (decimal 345)
   defining Unicode char U+015A (decimal 346)
   defining Unicode char U+015B (decimal 347)
   defining Unicode char U+015C (decimal 348)
   defining Unicode char U+015D (decimal 349)
   defining Unicode char U+015E (decimal 350)
   defining Unicode char U+015F (decimal 351)
   defining Unicode char U+0160 (decimal 352)
   defining Unicode char U+0161 (decimal 353)
   defining Unicode char U+0162 (decimal 354)
   defining Unicode char U+0163 (decimal 355)
   defining Unicode char U+0164 (decimal 356)
   defining Unicode char U+0165 (decimal 357)
   defining Unicode char U+0168 (decimal 360)
   defining Unicode char U+0169 (decimal 361)
   defining Unicode char U+016A (decimal 362)
   defining Unicode char U+016B (decimal 363)
   defining Unicode char U+016C (decimal 364)
   defining Unicode char U+016D (decimal 365)
   defining Unicode char U+016E (decimal 366)
   defining Unicode char U+016F (decimal 367)
   defining Unicode char U+0170 (decimal 368)
   defining Unicode char U+0171 (decimal 369)
   defining Unicode char U+0172 (decimal 370)
   defining Unicode char U+0173 (decimal 371)
   defining Unicode char U+0174 (decimal 372)
   defining Unicode char U+0175 (decimal 373)
   defining Unicode char U+0176 (decimal 374)
   defining Unicode char U+0177 (decimal 375)
   defining Unicode char U+0178 (decimal 376)
   defining Unicode char U+0179 (decimal 377)
   defining Unicode char U+017A (decimal 378)
   defining Unicode char U+017B (decimal 379)
   defining Unicode char U+017C (decimal 380)
   defining Unicode char U+017D (decimal 381)
   defining Unicode char U+017E (decimal 382)
   defining Unicode char U+01CD (decimal 461)
   defining Unicode char U+01CE (decimal 462)
   defining Unicode char U+01CF (decimal 463)
   defining Unicode char U+01D0 (decimal 464)
   defining Unicode char U+01D1 (decimal 465)
   defining Unicode char U+01D2 (decimal 466)
   defining Unicode char U+01D3 (decimal 467)
   defining Unicode char U+01D4 (decimal 468)
   defining Unicode char U+01E2 (decimal 482)
   defining Unicode char U+01E3 (decimal 483)
   defining Unicode char U+01E6 (decimal 486)
   defining Unicode char U+01E7 (decimal 487)
   defining Unicode char U+01E8 (decimal 488)
   defining Unicode char U+01E9 (decimal 489)
   defining Unicode char U+01EA (decimal 490)
   defining Unicode char U+01EB (decimal 491)
   defining Unicode char U+01F0 (decimal 496)
   defining Unicode char U+01F4 (decimal 500)
   defining Unicode char U+01F5 (decimal 501)
   defining Unicode char U+0218 (decimal 536)
   defining Unicode char U+0219 (decimal 537)
   defining Unicode char U+021A (decimal 538)
   defining Unicode char U+021B (decimal 539)
   defining Unicode char U+01E02 (decimal 7682)
   defining Unicode char U+01E03 (decimal 7683)
   defining Unicode char U+200C (decimal 8204)
   defining Unicode char U+2013 (decimal 8211)
   defining Unicode char U+2014 (decimal 8212)
   defining Unicode char U+2018 (decimal 8216)
   defining Unicode char U+2019 (decimal 8217)
   defining Unicode char U+201A (decimal 8218)
   defining Unicode char U+201C (decimal 8220)
   defining Unicode char U+201D (decimal 8221)
   defining Unicode char U+201E (decimal 8222)
   defining Unicode char U+2030 (decimal 8240)
   defining Unicode char U+2031 (decimal 8241)
   defining Unicode char U+2039 (decimal 8249)
   defining Unicode char U+203A (decimal 8250)
   defining Unicode char U+2423 (decimal 9251)
)
Now handling font encoding OT1 ...
... processing UTF-8 mapping file for font encoding OT1

(/usr/share/texlive/texmf-dist/tex/latex/base/ot1enc.dfu
File: ot1enc.dfu 2015/12/03 v1.1r UTF-8 support for inputenc
   defining Unicode char U+00A0 (decimal 160)
   defining Unicode char U+00A1 (decimal 161)
   defining Unicode char U+00A3 (decimal 163)
   defining Unicode char U+00AD (decimal 173)
   defining Unicode char U+00B8 (decimal 184)
   defining Unicode char U+00BF (decimal 191)
   defining Unicode char U+00C5 (decimal 197)
   defining Unicode char U+00C6 (decimal 198)
   defining Unicode char U+00D8 (decimal 216)
   defining Unicode char U+00DF (decimal 223)
   defining Unicode char U+00E6 (decimal 230)
   defining Unicode char U+00EC (decimal 236)
   defining Unicode char U+00ED (decimal 237)
   defining Unicode char U+00EE (decimal 238)
   defining Unicode char U+00EF (decimal 239)
   defining Unicode char U+00F8 (decimal 248)
   defining Unicode char U+0131 (decimal 305)
   defining Unicode char U+0141 (decimal 321)
   defining Unicode char U+0142 (decimal 322)
   defining Unicode char U+0152 (decimal 338)
   defining Unicode char U+0153 (decimal 339)
   defining Unicode char U+0174 (decimal 372)
   defining Unicode char U+0175 (decimal 373)
   defining Unicode char U+0176 (decimal 374)
   defining Unicode char U+0177 (decimal 375)
   defining Unicode char U+0218 (decimal 536)
   defining Unicode char U+0219 (decimal 537)
   defining Unicode char U+021A (decimal 538)
   defining Unicode char U+021B (decimal 539)
   defining Unicode char U+2013 (decimal 8211)
   defining Unicode char U+2014 (decimal 8212)
   defining Unicode char U+2018 (decimal 8216)
   defining Unicode char U+2019 (decimal 8217)
   defining Unicode char U+201C (decimal 8220)
   defining Unicode char U+201D (decimal 8221)
)
Now handling font encoding OMS ...
... processing UTF-8 mapping file for font encoding OMS

(/usr/share/texlive/texmf-dist/tex/latex/base/omsenc.dfu
File: omsenc.dfu 2015/12/03 v1.1r UTF-8 support for inputenc
   defining Unicode char U+00A7 (decimal 167)
   defining Unicode char U+00B6 (decimal 182)
   defining Unicode char U+00B7 (decimal 183)
   defining Unicode char U+2020 (decimal 8224)
   defining Unicode char U+2021 (decimal 8225)
   defining Unicode char U+2022 (decimal 8226)
)
Now handling font encoding OMX ...
... no UTF-8 mapping file for font encoding OMX
Now handling font encoding U ...
... no UTF-8 mapping file for font encoding U
   defining Unicode char U+00A9 (decimal 169)
   defining Unicode char U+00AA (decimal 170)
   defining Unicode char U+00AE (decimal 174)
   defining Unicode char U+00BA (decimal 186)
   defining Unicode char U+02C6 (decimal 710)
   defining Unicode char U+02DC (decimal 732)
   defining Unicode char U+200C (decimal 8204)
   defining Unicode char U+2026 (decimal 8230)
   defining Unicode char U+2122 (decimal 8482)
   defining Unicode char U+2423 (decimal 9251)
))
(/usr/share/texlive/texmf-dist/tex/generic/babel/babel.sty
Package: babel 2016/02/24 3.9q The Babel package

(/usr/share/texlive/texmf-dist/tex/generic/babel-german/german.ldf
Language: german 2014/10/10 v2.7b German support for babel (traditional orthogr
aphy)

(/usr/share/texlive/texmf-dist/tex/generic/babel-german/germanb.ldf
Language: germanb 2014/10/10 v2.7b German support for babel (traditional orthog
raphy)

(/usr/share/texlive/texmf-dist/tex/generic/babel/babel.def
File: babel.def 2016/02/24 3.9q Babel common definitions
\babel@savecnt=\count87
\U@D=\dimen103
)
\l@austrian = a dialect from \language\l@german 
Package babel Info: Making " an active character on input line 110.
)))
(/usr/share/texlive/texmf-dist/tex/latex/csquotes/csquotes.sty
Package: csquotes 2016/01/31 v5.1g context-sensitive quotations (JAW)

(/usr/share/texlive/texmf-dist/tex/latex/etoolbox/etoolbox.sty
Package: etoolbox 2015/08/02 v2.2a e-TeX tools for LaTeX (JAW)
\etb@tempcnta=\count88
)
(/usr/share/texlive/texmf-dist/tex/latex/graphics/keyval.sty
Package: keyval 2014/10/28 v1.15 key=value parser (DPC)
\KV@toks@=\toks16
)
\csq@reset=\count89
\csq@gtype=\count90
\csq@glevel=\count91
\csq@qlevel=\count92
\csq@maxlvl=\count93
\csq@tshold=\count94
\csq@ltx@everypar=\toks17

(/usr/share/texlive/texmf-dist/tex/latex/csquotes/csquotes.def
File: csquotes.def 2016/01/31 v5.1g csquotes generic definitions (JAW)
)
Package csquotes Info: Trying to load configuration file 'csquotes.cfg'...
Package csquotes Info: ... configuration file loaded successfully.

(/usr/share/texlive/texmf-dist/tex/latex/csquotes/csquotes.cfg
File: csquotes.cfg 
))
(/usr/share/texlive/texmf-dist/tex/latex/base/fontenc.sty
Package: fontenc 2005/09/27 v1.99g Standard LaTeX package

(/usr/share/texlive/texmf-dist/tex/latex/base/t1enc.def
File: t1enc.def 2005/09/27 v1.99g Standard LaTeX file
LaTeX Font Info:    Redeclaring font encoding T1 on input line 48.
))
(/usr/share/texlive/texmf-dist/tex/latex/amsmath/amsmath.sty
Package: amsmath 2016/03/03 v2.15a AMS math features
\@mathmargin=\skip43

For additional information on amsmath, use the `?' option.
(/usr/share/texlive/texmf-dist/tex/latex/amsmath/amstext.sty
Package: amstext 2000/06/29 v2.01 AMS text

(/usr/share/texlive/texmf-dist/tex/latex/amsmath/amsgen.sty
File: amsgen.sty 1999/11/30 v2.0 generic functions
\@emptytoks=\toks18
\ex@=\dimen104
))
(/usr/share/texlive/texmf-dist/tex/latex/amsmath/amsbsy.sty
Package: amsbsy 1999/11/29 v1.2d Bold Symbols
\pmbraise@=\dimen105
)
(/usr/share/texlive/texmf-dist/tex/latex/amsmath/amsopn.sty
Package: amsopn 1999/12/14 v2.01 operator names
)
\inf@bad=\count95
LaTeX Info: Redefining \frac on input line 199.
\uproot@=\count96
\leftroot@=\count97
LaTeX Info: Redefining \overline on input line 297.
\classnum@=\count98
\DOTSCASE@=\count99
LaTeX Info: Redefining \ldots on input line 394.
LaTeX Info: Redefining \dots on input line 397.
LaTeX Info: Redefining \cdots on input line 518.
\Mathstrutbox@=\box26
\strutbox@=\box27
\big@size=\dimen106
LaTeX Font Info:    Redeclaring font encoding OML on input line 630.
LaTeX Font Info:    Redeclaring font encoding OMS on input line 631.
\macc@depth=\count100
\c@MaxMatrixCols=\count101
\dotsspace@=\muskip10
\c@parentequation=\count102
\dspbrk@lvl=\count103
\tag@help=\toks19
\row@=\count104
\column@=\count105
\maxfields@=\count106
\andhelp@=\toks20
\eqnshift@=\dimen107
\alignsep@=\dimen108
\tagshift@=\dimen109
\tagwidth@=\dimen110
\totwidth@=\dimen111
\lineht@=\dimen112
\@envbody=\toks21
\multlinegap=\skip44
\multlinetaggap=\skip45
\mathdisplay@stack=\toks22
LaTeX Info: Redefining \[ on input line 2735.
LaTeX Info: Redefining \] on input line 2736.
)
(/usr/share/texlive/texmf-dist/tex/latex/amsfonts/amsfonts.sty
Package: amsfonts 2013/01/14 v3.01 Basic AMSFonts support
\symAMSa=\mathgroup4
\symAMSb=\mathgroup5
LaTeX Font Info:    Overwriting math alphabet `\mathfrak' in version `bold'
(Font)                  U/euf/m/n --> U/euf/b/n on input line 106.
)
(/usr/share/texlive/texmf-dist/tex/latex/amsfonts/amssymb.sty
Package: amssymb 2013/01/14 v3.01 AMS font symbols
)
(/usr/share/texlive/texmf-dist/tex/latex/blkarray/blkarray.sty
Package: blkarray 2015/02/27 v0.07 Block array (dpc)
\c@BAenumi=\count107
\BA@col=\count108
\BA@block@cnt=\count109
\BA@final@box=\box28
\BA@first@box=\box29
\BA@colsep=\dimen113
\BA@ftn=\toks23
\BAextrarowheight=\dimen114
\BAextraheightafterhline=\dimen115
\BAarrayrulewidth=\dimen116
\BAdoublerulesep=\dimen117
\BAfootskip=\dimen118
\BA@dashbox=\box30
\BA@ddashbox=\box31
)
(/usr/share/texlive/texmf-dist/tex/latex/graphics/graphicx.sty
Package: graphicx 2014/10/28 v1.0g Enhanced LaTeX Graphics (DPC,SPQR)

(/usr/share/texlive/texmf-dist/tex/latex/graphics/graphics.sty
Package: graphics 2016/01/03 v1.0q Standard LaTeX Graphics (DPC,SPQR)

(/usr/share/texlive/texmf-dist/tex/latex/graphics/trig.sty
Package: trig 2016/01/03 v1.10 sin cos tan (DPC)
)
(/usr/share/texlive/texmf-dist/tex/latex/latexconfig/graphics.cfg
File: graphics.cfg 2010/04/23 v1.9 graphics configuration of TeX Live
)
Package graphics Info: Driver file: pdftex.def on input line 95.

(/usr/share/texlive/texmf-dist/tex/latex/pdftex-def/pdftex.def
File: pdftex.def 2011/05/27 v0.06d Graphics/color for pdfTeX

(/usr/share/texlive/texmf-dist/tex/generic/oberdiek/infwarerr.sty
Package: infwarerr 2010/04/08 v1.3 Providing info/warning/error messages (HO)
)
(/usr/share/texlive/texmf-dist/tex/generic/oberdiek/ltxcmds.sty
Package: ltxcmds 2011/11/09 v1.22 LaTeX kernel commands for general use (HO)
)
\Gread@gobject=\count110
))
\Gin@req@height=\dimen119
\Gin@req@width=\dimen120
)
(/usr/share/texlive/texmf-dist/tex/latex/caption/subcaption.sty
Package: subcaption 2016/02/20 v1.1-142 Sub-captions (AR)

(/usr/share/texlive/texmf-dist/tex/latex/caption/caption.sty
Package: caption 2016/02/21 v3.3-144 Customizing captions (AR)

(/usr/share/texlive/texmf-dist/tex/latex/caption/caption3.sty
Package: caption3 2016/02/04 v1.7-139 caption3 kernel (AR)
Package caption3 Info: TeX engine: e-TeX on input line 67.
\captionmargin=\dimen121
\captionmargin@=\dimen122
\captionwidth=\dimen123
\caption@tempdima=\dimen124
\caption@indent=\dimen125
\caption@parindent=\dimen126
\caption@hangindent=\dimen127
)
\c@ContinuedFloat=\count111
)
\c@subfigure=\count112
\c@subtable=\count113
)
(/usr/share/texlive/texmf-dist/tex/latex/graphics/color.sty
Package: color 2016/01/03 v1.1b Standard LaTeX Color (DPC)

(/usr/share/texlive/texmf-dist/tex/latex/latexconfig/color.cfg
File: color.cfg 2007/01/18 v1.5 color configuration of teTeX/TeXLive
)
Package color Info: Driver file: pdftex.def on input line 143.
)
(/usr/share/texlive/texmf-dist/tex/latex/xcolor/xcolor.sty
Package: xcolor 2007/01/21 v2.11 LaTeX color extensions (UK)

(/usr/share/texlive/texmf-dist/tex/latex/latexconfig/color.cfg
File: color.cfg 2007/01/18 v1.5 color configuration of teTeX/TeXLive
)
Package xcolor Info: Driver file: pdftex.def on input line 225.
LaTeX Info: Redefining \color on input line 702.
Package xcolor Info: Model `cmy' substituted by `cmy0' on input line 1337.
Package xcolor Info: Model `hsb' substituted by `rgb' on input line 1341.
Package xcolor Info: Model `RGB' extended on input line 1353.
Package xcolor Info: Model `HTML' substituted by `rgb' on input line 1355.
Package xcolor Info: Model `Hsb' substituted by `hsb' on input line 1356.
Package xcolor Info: Model `tHsb' substituted by `hsb' on input line 1357.
Package xcolor Info: Model `HSB' substituted by `hsb' on input line 1358.
Package xcolor Info: Model `Gray' substituted by `gray' on input line 1359.
Package xcolor Info: Model `wave' substituted by `hsb' on input line 1360.
)
(/usr/share/texlive/texmf-dist/tex/latex/hyperref/hyperref.sty
Package: hyperref 2012/11/06 v6.83m Hypertext links for LaTeX

(/usr/share/texlive/texmf-dist/tex/generic/oberdiek/hobsub-hyperref.sty
Package: hobsub-hyperref 2012/05/28 v1.13 Bundle oberdiek, subset hyperref (HO)


(/usr/share/texlive/texmf-dist/tex/generic/oberdiek/hobsub-generic.sty
Package: hobsub-generic 2012/05/28 v1.13 Bundle oberdiek, subset generic (HO)
Package: hobsub 2012/05/28 v1.13 Construct package bundles (HO)
Package hobsub Info: Skipping package `infwarerr' (already loaded).
Package hobsub Info: Skipping package `ltxcmds' (already loaded).
Package: ifluatex 2010/03/01 v1.3 Provides the ifluatex switch (HO)
Package ifluatex Info: LuaTeX not detected.
Package: ifvtex 2010/03/01 v1.5 Detect VTeX and its facilities (HO)
Package ifvtex Info: VTeX not detected.
Package: intcalc 2007/09/27 v1.1 Expandable calculations with integers (HO)
Package: ifpdf 2011/01/30 v2.3 Provides the ifpdf switch (HO)
Package ifpdf Info: pdfTeX in PDF mode is detected.
Package: etexcmds 2011/02/16 v1.5 Avoid name clashes with e-TeX commands (HO)
Package etexcmds Info: Could not find \expanded.
(etexcmds)             That can mean that you are not using pdfTeX 1.50 or
(etexcmds)             that some package has redefined \expanded.
(etexcmds)             In the latter case, load this package earlier.
Package: kvsetkeys 2012/04/25 v1.16 Key value parser (HO)
Package: kvdefinekeys 2011/04/07 v1.3 Define keys (HO)
Package: pdftexcmds 2011/11/29 v0.20 Utility functions of pdfTeX for LuaTeX (HO
)
Package pdftexcmds Info: LuaTeX not detected.
Package pdftexcmds Info: \pdf@primitive is available.
Package pdftexcmds Info: \pdf@ifprimitive is available.
Package pdftexcmds Info: \pdfdraftmode found.
Package: pdfescape 2011/11/25 v1.13 Implements pdfTeX's escape features (HO)
Package: bigintcalc 2012/04/08 v1.3 Expandable calculations on big integers (HO
)
Package: bitset 2011/01/30 v1.1 Handle bit-vector datatype (HO)
Package: uniquecounter 2011/01/30 v1.2 Provide unlimited unique counter (HO)
)
Package hobsub Info: Skipping package `hobsub' (already loaded).
Package: letltxmacro 2010/09/02 v1.4 Let assignment for LaTeX macros (HO)
Package: hopatch 2012/05/28 v1.2 Wrapper for package hooks (HO)
Package: xcolor-patch 2011/01/30 xcolor patch
Package: atveryend 2011/06/30 v1.8 Hooks at the very end of document (HO)
Package: atbegshi 2011/10/05 v1.16 At begin shipout hook (HO)
Package: refcount 2011/10/16 v3.4 Data extraction from label references (HO)
Package: hycolor 2011/01/30 v1.7 Color options for hyperref/bookmark (HO)
)
(/usr/share/texlive/texmf-dist/tex/generic/ifxetex/ifxetex.sty
Package: ifxetex 2010/09/12 v0.6 Provides ifxetex conditional
)
(/usr/share/texlive/texmf-dist/tex/latex/oberdiek/auxhook.sty
Package: auxhook 2011/03/04 v1.3 Hooks for auxiliary files (HO)
)
(/usr/share/texlive/texmf-dist/tex/latex/oberdiek/kvoptions.sty
Package: kvoptions 2011/06/30 v3.11 Key value format for package options (HO)
)
\@linkdim=\dimen128
\Hy@linkcounter=\count114
\Hy@pagecounter=\count115

(/usr/share/texlive/texmf-dist/tex/latex/hyperref/pd1enc.def
File: pd1enc.def 2012/11/06 v6.83m Hyperref: PDFDocEncoding definition (HO)
Now handling font encoding PD1 ...
... no UTF-8 mapping file for font encoding PD1
)
\Hy@SavedSpaceFactor=\count116

(/usr/share/texlive/texmf-dist/tex/latex/latexconfig/hyperref.cfg
File: hyperref.cfg 2002/06/06 v1.2 hyperref configuration of TeXLive
)
Package hyperref Info: Hyper figures OFF on input line 4443.
Package hyperref Info: Link nesting OFF on input line 4448.
Package hyperref Info: Hyper index ON on input line 4451.
Package hyperref Info: Plain pages OFF on input line 4458.
Package hyperref Info: Backreferencing OFF on input line 4463.
Package hyperref Info: Implicit mode ON; LaTeX internals redefined.
Package hyperref Info: Bookmarks ON on input line 4688.
\c@Hy@tempcnt=\count117

(/usr/share/texlive/texmf-dist/tex/latex/url/url.sty
\Urlmuskip=\muskip11
Package: url 2013/09/16  ver 3.4  Verb mode for urls, etc.
)
LaTeX Info: Redefining \url on input line 5041.
\XeTeXLinkMargin=\dimen129
\Fld@menulength=\count118
\Field@Width=\dimen130
\Fld@charsize=\dimen131
Package hyperref Info: Hyper figures OFF on input line 6295.
Package hyperref Info: Link nesting OFF on input line 6300.
Package hyperref Info: Hyper index ON on input line 6303.
Package hyperref Info: backreferencing OFF on input line 6310.
Package hyperref Info: Link coloring OFF on input line 6315.
Package hyperref Info: Link coloring with OCG OFF on input line 6320.
Package hyperref Info: PDF/A mode OFF on input line 6325.
LaTeX Info: Redefining \ref on input line 6365.
LaTeX Info: Redefining \pageref on input line 6369.
\Hy@abspage=\count119
\c@Item=\count120
\c@Hfootnote=\count121
)

Package hyperref Message: Driver (autodetected): hpdftex.

(/usr/share/texlive/texmf-dist/tex/latex/hyperref/hpdftex.def
File: hpdftex.def 2012/11/06 v6.83m Hyperref driver for pdfTeX
\Fld@listcount=\count122
\c@bookmark@seq@number=\count123

(/usr/share/texlive/texmf-dist/tex/latex/oberdiek/rerunfilecheck.sty
Package: rerunfilecheck 2011/04/15 v1.7 Rerun checks for auxiliary files (HO)
Package uniquecounter Info: New unique counter `rerunfilecheck' on input line 2
82.
)
\Hy@SectionHShift=\skip46
)
(/usr/share/texlive/texmf-dist/tex/latex/glossaries/base/glossaries.sty
Package: glossaries 2016/01/24 v4.21 (NLCT)

(/usr/share/texlive/texmf-dist/tex/latex/base/ifthen.sty
Package: ifthen 2014/09/29 v1.1c Standard LaTeX ifthen package (DPC)
)
(/usr/share/texlive/texmf-dist/tex/latex/xkeyval/xkeyval.sty
Package: xkeyval 2014/12/03 v2.7a package option processing (HA)

(/usr/share/texlive/texmf-dist/tex/generic/xkeyval/xkeyval.tex
(/usr/share/texlive/texmf-dist/tex/generic/xkeyval/xkvutils.tex
\XKV@toks=\toks24
\XKV@tempa@toks=\toks25
)
\XKV@depth=\count124
File: xkeyval.tex 2014/12/03 v2.7a key=value parser (HA)
))
(/usr/share/texlive/texmf-dist/tex/latex/mfirstuc/mfirstuc.sty
Package: mfirstuc 2015/12/17 v2.02 (NLCT)
\@glsmfirst=\toks26
\@glsmrest=\toks27
)
(/usr/share/texlive/texmf-dist/tex/latex/textcase/textcase.sty
Package: textcase 2004/10/07 v0.07 Text only upper/lower case changing (DPC)
)
(/usr/share/texlive/texmf-dist/tex/latex/xfor/xfor.sty
Package: xfor 2009/02/05 v1.05 (NLCT)
)
(/usr/share/texlive/texmf-dist/tex/latex/datatool/datatool-base.sty
Package: datatool-base 2016/01/18 v2.25 (NLCT)

(/usr/share/texlive/texmf-dist/tex/latex/substr/substr.sty
Package: substr 2009/10/20 v1.2 Handle substrings
\c@su@anzahl=\count125
)
(/usr/share/texlive/texmf-dist/tex/latex/datatool/datatool-fp.sty
Package: datatool-fp 2016/01/18 v2.25 (NLCT)

(/usr/share/texlive/texmf-dist/tex/latex/fp/fp.sty
Package: fp 1995/04/02

`Fixed Point Package', Version 0.8, April 2, 1995 (C) Michael Mehlich
(/usr/share/texlive/texmf-dist/tex/latex/fp/defpattern.sty
Package: defpattern 1994/10/12
\actioncount=\count126
)
(/usr/share/texlive/texmf-dist/tex/latex/fp/fp-basic.sty
Package: fp-basic 1996/05/13
\FP@xs=\count127
\FP@xia=\count128
\FP@xib=\count129
\FP@xfa=\count130
\FP@xfb=\count131
\FP@rega=\count132
\FP@regb=\count133
\FP@regs=\count134
\FP@times=\count135
)
(/usr/share/texlive/texmf-dist/tex/latex/fp/fp-addons.sty
Package: fp-addons 1995/03/15
)
(/usr/share/texlive/texmf-dist/tex/latex/fp/fp-snap.sty
Package: fp-snap 1995/04/05
)
(/usr/share/texlive/texmf-dist/tex/latex/fp/fp-exp.sty
Package: fp-exp 1995/04/03
)
(/usr/share/texlive/texmf-dist/tex/latex/fp/fp-trigo.sty
Package: fp-trigo 1995/04/14
)
(/usr/share/texlive/texmf-dist/tex/latex/fp/fp-pas.sty
Package: fp-pas 1994/08/29
)
(/usr/share/texlive/texmf-dist/tex/latex/fp/fp-random.sty
Package: fp-random 1995/02/23
\FPseed=\count136
)
(/usr/share/texlive/texmf-dist/tex/latex/fp/fp-eqn.sty
Package: fp-eqn 1995/04/03
)
(/usr/share/texlive/texmf-dist/tex/latex/fp/fp-upn.sty
Package: fp-upn 1996/10/21
)
(/usr/share/texlive/texmf-dist/tex/latex/fp/fp-eval.sty
Package: fp-eval 1995/04/03
)))
\@dtl@toks=\toks28
\@dtl@tmpcount=\count137
\dtl@tmplength=\skip47
\dtl@sortresult=\count138
\@dtl@numgrpsepcount=\count139
\@dtl@datatype=\count140
\dtl@codeA=\count141
\dtl@codeB=\count142
\@dtl@foreach@level=\count143
)
(/usr/share/texlive/texmf-dist/tex/latex/glossaries/base/glossaries-compatible-
307.sty
Package: glossaries-compatible-307 2016/01/24 v4.21 (NLCT)
) (/usr/share/texlive/texmf-dist/tex/latex/tracklang/tracklang.sty
Package: tracklang 2015/03/23 v1.2 (NLCT) Track Languages

(/usr/share/texlive/texmf-dist/tex/generic/tracklang/tracklang.tex))
(/usr/share/texlive/texmf-dist/tex/latex/beamer/translator/translator.sty
Package: translator 2010/06/12 ver 1.10

(/usr/share/texlive/texmf-dist/tex/latex/beamer/translator/translator-language-
mappings.tex))
(/usr/share/texlive/texmf-dist/tex/latex/glossaries-german/glossaries-german.ld
f
File: glossaries-german.ldf 2014/11/23 v1.0
)
\gls@level=\count144
\@gls@tmpb=\toks29
\gls@tmplen=\skip48
\glskeylisttok=\toks30
\glslabeltok=\toks31
\glsshorttok=\toks32
\glslongtok=\toks33

(/usr/share/texlive/texmf-dist/tex/latex/glossaries/styles/glossary-hypernav.st
y
Package: glossary-hypernav 2016/01/24 v4.21 (NLCT)
) (/usr/share/texlive/texmf-dist/tex/latex/glossaries/styles/glossary-list.sty
Package: glossary-list 2016/01/24 v4.21 (NLCT)
\glslistdottedwidth=\skip49
) (/usr/share/texlive/texmf-dist/tex/latex/glossaries/styles/glossary-long.sty
Package: glossary-long 2016/01/24 v4.21 (NLCT)

(/usr/share/texlive/texmf-dist/tex/latex/tools/longtable.sty
Package: longtable 2014/10/28 v4.11 Multi-page Table package (DPC)
\LTleft=\skip50
\LTright=\skip51
\LTpre=\skip52
\LTpost=\skip53
\LTchunksize=\count145
\LTcapwidth=\dimen132
\LT@head=\box32
\LT@firsthead=\box33
\LT@foot=\box34
\LT@lastfoot=\box35
\LT@cols=\count146
\LT@rows=\count147
\c@LT@tables=\count148
\c@LT@chunks=\count149
\LT@p@ftn=\toks34
)
\glsdescwidth=\skip54
\glspagelistwidth=\skip55
)
(/usr/share/texlive/texmf-dist/tex/latex/glossaries/styles/glossary-super.sty
Package: glossary-super 2016/01/24 v4.21 (NLCT)

(/usr/share/texlive/texmf-dist/tex/latex/supertabular/supertabular.sty
Package: supertabular 2004/02/20 v4.1e the supertabular environment
\c@tracingst=\count150
\ST@wd=\dimen133
\ST@rightskip=\skip56
\ST@leftskip=\skip57
\ST@parfillskip=\skip58
\ST@pageleft=\dimen134
\ST@headht=\dimen135
\ST@tailht=\dimen136
\ST@pagesofar=\dimen137
\ST@pboxht=\dimen138
\ST@lineht=\dimen139
\ST@stretchht=\dimen140
\ST@prevht=\dimen141
\ST@toadd=\dimen142
\ST@dimen=\dimen143
\ST@pbox=\box36
))
(/usr/share/texlive/texmf-dist/tex/latex/glossaries/styles/glossary-tree.sty
Package: glossary-tree 2016/01/24 v4.21 (NLCT)
\glstreeindent=\skip59
))
\glswrite=\write3
\glo@acronym@file=\write4
\openout4 = `Thesis.acn'.

Package glossaries Info: Writing glossary file Thesis.acn on input line 25.

(./acronyms.tex) (/usr/share/texlive/texmf-dist/tex/latex/biblatex/biblatex.sty
Package: biblatex 2016/03/03 v3.3 programmable bibliographies (PK/JW/AB)
(/usr/share/texlive/texmf-dist/tex/latex/biblatex/biblatex_.sty
Package: biblatex_ 2016/03/03 v3.3 programmable bibliographies (biber) (PK/JW/A
B)

(/usr/share/texlive/texmf-dist/tex/latex/logreq/logreq.sty
Package: logreq 2010/08/04 v1.0 xml request logger
\lrq@indent=\count151

(/usr/share/texlive/texmf-dist/tex/latex/logreq/logreq.def
File: logreq.def 2010/08/04 v1.0 logreq spec v1.0
))
\c@tabx@nest=\count152
\c@listtotal=\count153
\c@listcount=\count154
\c@liststart=\count155
\c@liststop=\count156
\c@citecount=\count157
\c@citetotal=\count158
\c@multicitecount=\count159
\c@multicitetotal=\count160
\c@instcount=\count161
\c@maxnames=\count162
\c@minnames=\count163
\c@maxitems=\count164
\c@minitems=\count165
\c@citecounter=\count166
\c@savedcitecounter=\count167
\c@uniquelist=\count168
\c@uniquename=\count169
\c@refsection=\count170
\c@refsegment=\count171
\c@maxextratitle=\count172
\c@maxextratitleyear=\count173
\c@maxextrayear=\count174
\c@maxextraalpha=\count175
\c@abbrvpenalty=\count176
\c@highnamepenalty=\count177
\c@lownamepenalty=\count178
\c@maxparens=\count179
\c@parenlevel=\count180
\blx@tempcnta=\count181
\blx@tempcntb=\count182
\blx@tempcntc=\count183
\blx@maxsection=\count184
\blx@maxsegment@0=\count185
\blx@notetype=\count186
\blx@parenlevel@text=\count187
\blx@parenlevel@foot=\count188
\blx@sectionciteorder@0=\count189
\labelnumberwidth=\skip60
\labelalphawidth=\skip61
\biblabelsep=\skip62
\bibitemsep=\skip63
\bibnamesep=\skip64
\bibinitsep=\skip65
\bibparsep=\skip66
\bibhang=\skip67
\blx@bcfin=\read1
\blx@bcfout=\write5
\c@mincomprange=\count190
\c@maxcomprange=\count191
\c@mincompwidth=\count192
Package biblatex Info: Trying to load biblatex default data model...
Package biblatex Info: ... file 'blx-dm.def' found.

(/usr/share/texlive/texmf-dist/tex/latex/biblatex/blx-dm.def)
Package biblatex Info: Trying to load biblatex style data model...
Package biblatex Info: ... file 'alphabetic.dbx' not found.
Package biblatex Info: Trying to load biblatex custom data model...
Package biblatex Info: ... file 'biblatex-dm.cfg' not found.
\c@afterword=\count193
\c@savedafterword=\count194
\c@annotator=\count195
\c@savedannotator=\count196
\c@author=\count197
\c@savedauthor=\count198
\c@bookauthor=\count199
\c@savedbookauthor=\count266
\c@commentator=\count267
\c@savedcommentator=\count268
\c@editor=\count269
\c@savededitor=\count270
\c@editora=\count271
\c@savededitora=\count272
\c@editorb=\count273
\c@savededitorb=\count274
\c@editorc=\count275
\c@savededitorc=\count276
\c@foreword=\count277
\c@savedforeword=\count278
\c@holder=\count279
\c@savedholder=\count280
\c@introduction=\count281
\c@savedintroduction=\count282
\c@namea=\count283
\c@savednamea=\count284
\c@nameb=\count285
\c@savednameb=\count286
\c@namec=\count287
\c@savednamec=\count288
\c@translator=\count289
\c@savedtranslator=\count290
\c@shortauthor=\count291
\c@savedshortauthor=\count292
\c@shorteditor=\count293
\c@savedshorteditor=\count294
\c@labelname=\count295
\c@savedlabelname=\count296
\c@institution=\count297
\c@savedinstitution=\count298
\c@lista=\count299
\c@savedlista=\count300
\c@listb=\count301
\c@savedlistb=\count302
\c@listc=\count303
\c@savedlistc=\count304
\c@listd=\count305
\c@savedlistd=\count306
\c@liste=\count307
\c@savedliste=\count308
\c@listf=\count309
\c@savedlistf=\count310
\c@location=\count311
\c@savedlocation=\count312
\c@organization=\count313
\c@savedorganization=\count314
\c@origlocation=\count315
\c@savedoriglocation=\count316
\c@origpublisher=\count317
\c@savedorigpublisher=\count318
\c@publisher=\count319
\c@savedpublisher=\count320
\c@language=\count321
\c@savedlanguage=\count322
\c@pageref=\count323
\c@savedpageref=\count324
\shorthandwidth=\skip68
\shortjournalwidth=\skip69
\shortserieswidth=\skip70
\shorttitlewidth=\skip71
\shortauthorwidth=\skip72
\shorteditorwidth=\skip73
Package biblatex Info: Trying to load compatibility code...
Package biblatex Info: ... file 'blx-compat.def' found.

(/usr/share/texlive/texmf-dist/tex/latex/biblatex/blx-compat.def
File: blx-compat.def 2016/03/03 v3.3 biblatex compatibility (PK/JW/AB)
)
Package biblatex Info: Trying to load generic definitions...
Package biblatex Info: ... file 'biblatex_.def' found.

(/usr/share/texlive/texmf-dist/tex/latex/biblatex/biblatex_.def
File: biblatex_.def 
\c@textcitecount=\count325
\c@textcitetotal=\count326
\c@textcitemaxnames=\count327
\c@biburlnumpenalty=\count328
\c@biburlucpenalty=\count329
\c@biburllcpenalty=\count330
\c@smartand=\count331
)
Package biblatex Info: Trying to load bibliography style 'alphabetic'...
Package biblatex Info: ... file 'alphabetic.bbx' found.

(/usr/share/texlive/texmf-dist/tex/latex/biblatex/bbx/alphabetic.bbx
File: alphabetic.bbx 2016/03/03 v3.3 biblatex bibliography style (PK/JW/AB)
Package biblatex Info: Trying to load bibliography style 'standard'...
Package biblatex Info: ... file 'standard.bbx' found.

(/usr/share/texlive/texmf-dist/tex/latex/biblatex/bbx/standard.bbx
File: standard.bbx 2016/03/03 v3.3 biblatex bibliography style (PK/JW/AB)
\c@bbx:relatedcount=\count332
\c@bbx:relatedtotal=\count333
))
Package biblatex Info: Trying to load citation style 'authoryear'...
Package biblatex Info: ... file 'authoryear.cbx' found.

(/usr/share/texlive/texmf-dist/tex/latex/biblatex/cbx/authoryear.cbx
File: authoryear.cbx 2016/03/03 v3.3 biblatex citation style (PK/JW/AB)
Package biblatex Info: Redefining '\cite'.
Package biblatex Info: Redefining '\parencite'.
Package biblatex Info: Redefining '\footcite'.
Package biblatex Info: Redefining '\footcitetext'.
Package biblatex Info: Redefining '\smartcite'.
Package biblatex Info: Redefining '\textcite'.
Package biblatex Info: Redefining '\textcites'.
)
Package biblatex Info: Trying to load configuration file...
Package biblatex Info: ... file 'biblatex.cfg' found.

(/usr/share/texlive/texmf-dist/tex/latex/biblatex/biblatex.cfg
File: biblatex.cfg 
)))
(/usr/share/texlive/texmf-dist/tex/latex/tocbibind/tocbibind.sty
Package: tocbibind 2010/10/13 v1.5k extra ToC listings
Package tocbibind Info: The document has section divisions on input line 50.


Package tocbibind Note: Using section or other style headings.

)
Package csquotes Info: Checking for multilingual support...
Package csquotes Info: ... found 'babel' package.
Package csquotes Info: Adjusting default style.
Package csquotes Info: Redefining alias 'default' -> 'german'.
Package biblatex Info: Trying to load language 'german'...
Package biblatex Info: ... file 'german.lbx' found.
 (/usr/share/texlive/texmf-dist/tex/latex/biblatex/lbx/german.lbx
File: german.lbx 2016/03/03 v3.3 biblatex localization (PK/JW/AB)
)
(./Thesis.aux)
\openout1 = `Thesis.aux'.

LaTeX Font Info:    Checking defaults for OML/cmm/m/it on input line 42.
LaTeX Font Info:    ... okay on input line 42.
LaTeX Font Info:    Checking defaults for T1/cmr/m/n on input line 42.
LaTeX Font Info:    ... okay on input line 42.
LaTeX Font Info:    Checking defaults for OT1/cmr/m/n on input line 42.
LaTeX Font Info:    ... okay on input line 42.
LaTeX Font Info:    Checking defaults for OMS/cmsy/m/n on input line 42.
LaTeX Font Info:    ... okay on input line 42.
LaTeX Font Info:    Checking defaults for OMX/cmex/m/n on input line 42.
LaTeX Font Info:    ... okay on input line 42.
LaTeX Font Info:    Checking defaults for U/cmr/m/n on input line 42.
LaTeX Font Info:    ... okay on input line 42.
LaTeX Font Info:    Checking defaults for PD1/pdf/m/n on input line 42.
LaTeX Font Info:    ... okay on input line 42.
 (/usr/share/texlive/texmf-dist/tex/context/base/supp-pdf.mkii
[Loading MPS to PDF converter (version 2006.09.02).]
\scratchcounter=\count334
\scratchdimen=\dimen144
\scratchbox=\box37
\nofMPsegments=\count335
\nofMParguments=\count336
\everyMPshowfont=\toks35
\MPscratchCnt=\count337
\MPscratchDim=\dimen145
\MPnumerator=\count338
\makeMPintoPDFobject=\count339
\everyMPtoPDFconversion=\toks36
) (/usr/share/texlive/texmf-dist/tex/latex/oberdiek/epstopdf-base.sty
Package: epstopdf-base 2010/02/09 v2.5 Base part for package epstopdf

(/usr/share/texlive/texmf-dist/tex/latex/oberdiek/grfext.sty
Package: grfext 2010/08/19 v1.1 Manage graphics extensions (HO)
)
Package grfext Info: Graphics extension search list:
(grfext)             [.png,.pdf,.jpg,.mps,.jpeg,.jbig2,.jb2,.PNG,.PDF,.JPG,.JPE
G,.JBIG2,.JB2,.eps]
(grfext)             \AppendGraphicsExtensions on input line 452.

(/usr/share/texlive/texmf-dist/tex/latex/latexconfig/epstopdf-sys.cfg
File: epstopdf-sys.cfg 2010/07/13 v1.3 Configuration of (r)epstopdf for TeX Liv
e
))
Package caption Info: Begin \AtBeginDocument code.
Package caption Info: hyperref package is loaded.
Package caption Info: longtable package is loaded.

(/usr/share/texlive/texmf-dist/tex/latex/caption/ltcaption.sty
Package: ltcaption 2013/06/09 v1.4-94 longtable captions (AR)
)
Package caption Info: supertabular package is loaded.
Package caption Info: End \AtBeginDocument code.
\AtBeginShipoutBox=\box38
Package hyperref Info: Link coloring OFF on input line 42.

(/usr/share/texlive/texmf-dist/tex/latex/hyperref/nameref.sty
Package: nameref 2012/10/27 v2.43 Cross-referencing by name of section

(/usr/share/texlive/texmf-dist/tex/generic/oberdiek/gettitlestring.sty
Package: gettitlestring 2010/12/03 v1.4 Cleanup title references (HO)
)
\c@section@level=\count340
)
LaTeX Info: Redefining \ref on input line 42.
LaTeX Info: Redefining \pageref on input line 42.
LaTeX Info: Redefining \nameref on input line 42.

(./Thesis.out) (./Thesis.out)
\@outlinefile=\write6
\openout6 = `Thesis.out'.

Package biblatex Info: Input encoding 'utf8' detected.
Package biblatex Info: Automatic encoding selection.
(biblatex)             Assuming data encoding 'utf8'.
\openout5 = `Thesis.bcf'.

Package biblatex Info: Trying to load bibliographic data...
Package biblatex Info: ... file 'Thesis.bbl' found.
 (./Thesis.bbl)
Package biblatex Info: Reference section=0 on input line 42.
Package biblatex Info: Reference segment=0 on input line 42.
Package babel Info: Redefining german shorthand "f
(babel)             in language  on input line 63.
Package babel Info: Redefining german shorthand "|
(babel)             in language  on input line 63.
Package babel Info: Redefining german shorthand "~
(babel)             in language  on input line 63.
Package babel Info: Redefining german shorthand "f
(babel)             in language  on input line 63.
Package babel Info: Redefining german shorthand "|
(babel)             in language  on input line 63.
Package babel Info: Redefining german shorthand "~
(babel)             in language  on input line 63.
 [1

\openout3 = `Thesis.ist'.

{/var/lib/texmf/fonts/map/pdftex/updmap/pdftex.map}]
Package babel Info: Redefining german shorthand "f
(babel)             in language  on input line 71.
Package babel Info: Redefining german shorthand "|
(babel)             in language  on input line 71.
Package babel Info: Redefining german shorthand "~
(babel)             in language  on input line 71.
Package babel Info: Redefining german shorthand "f
(babel)             in language  on input line 71.
Package babel Info: Redefining german shorthand "|
(babel)             in language  on input line 71.
Package babel Info: Redefining german shorthand "~
(babel)             in language  on input line 71.
pdfTeX warning (ext4): destination with the same identifier (name{page.1}) has 
been already used, duplicate ignored
<to be read again> 
                   \relax 
l.71 \newpage
              [1]
Package babel Info: Redefining german shorthand "f
(babel)             in language  on input line 76.
Package babel Info: Redefining german shorthand "|
(babel)             in language  on input line 76.
Package babel Info: Redefining german shorthand "~
(babel)             in language  on input line 76.
Package babel Info: Redefining german shorthand "f
(babel)             in language  on input line 76.
Package babel Info: Redefining german shorthand "|
(babel)             in language  on input line 76.
Package babel Info: Redefining german shorthand "~
(babel)             in language  on input line 76.
 [2]
Package babel Info: Redefining german shorthand "f
(babel)             in language  on input line 85.
Package babel Info: Redefining german shorthand "|
(babel)             in language  on input line 85.
Package babel Info: Redefining german shorthand "~
(babel)             in language  on input line 85.
Package babel Info: Redefining german shorthand "f
(babel)             in language  on input line 85.
Package babel Info: Redefining german shorthand "|
(babel)             in language  on input line 85.
Package babel Info: Redefining german shorthand "~
(babel)             in language  on input line 85.
 [3] (./Thesis.toc
LaTeX Font Info:    Try loading font information for U+msa on input line 11.

(/usr/share/texlive/texmf-dist/tex/latex/amsfonts/umsa.fd
File: umsa.fd 2013/01/14 v3.01 AMS symbols A
)
LaTeX Font Info:    Try loading font information for U+msb on input line 11.

(/usr/share/texlive/texmf-dist/tex/latex/amsfonts/umsb.fd
File: umsb.fd 2013/01/14 v3.01 AMS symbols B
))
\tf@toc=\write7
\openout7 = `Thesis.toc'.

Package babel Info: Redefining german shorthand "f
(babel)             in language  on input line 88.
Package babel Info: Redefining german shorthand "|
(babel)             in language  on input line 88.
Package babel Info: Redefining german shorthand "~
(babel)             in language  on input line 88.
Package babel Info: Redefining german shorthand "f
(babel)             in language  on input line 88.
Package babel Info: Redefining german shorthand "|
(babel)             in language  on input line 88.
Package babel Info: Redefining german shorthand "~
(babel)             in language  on input line 88.
 [4]
Package babel Info: Redefining german shorthand "f
(babel)             in language  on input line 89.
Package babel Info: Redefining german shorthand "|
(babel)             in language  on input line 89.
Package babel Info: Redefining german shorthand "~
(babel)             in language  on input line 89.
 (./Thesis.lof)
\tf@lof=\write8
\openout8 = `Thesis.lof'.


(./Thesis.acr
Package babel Info: Redefining german shorthand "f
(babel)             in language  on input line 1.
Package babel Info: Redefining german shorthand "|
(babel)             in language  on input line 1.
Package babel Info: Redefining german shorthand "~
(babel)             in language  on input line 1.
)
Package babel Info: Redefining german shorthand "f
(babel)             in language  on input line 94.
Package babel Info: Redefining german shorthand "|
(babel)             in language  on input line 94.
Package babel Info: Redefining german shorthand "~
(babel)             in language  on input line 94.
Package babel Info: Redefining german shorthand "f
(babel)             in language  on input line 94.
Package babel Info: Redefining german shorthand "|
(babel)             in language  on input line 94.
Package babel Info: Redefining german shorthand "~
(babel)             in language  on input line 94.
 [5]
Package babel Info: Redefining german shorthand "f
(babel)             in language  on input line 95.
Package babel Info: Redefining german shorthand "|
(babel)             in language  on input line 95.
Package babel Info: Redefining german shorthand "~
(babel)             in language  on input line 95.
Package babel Info: Redefining german shorthand "f
(babel)             in language  on input line 97.
Package babel Info: Redefining german shorthand "|
(babel)             in language  on input line 97.
Package babel Info: Redefining german shorthand "~
(babel)             in language  on input line 97.

Overfull \hbox (2.51375pt too wide) in paragraph at lines 98--99
\T1/cmr/m/n/12 ma-tik Ab-tei-lung des Geo-gra-phi-schen In-sti-tuts der Ruprech
t-Karls-Universität
 []


Overfull \hbox (5.21306pt too wide) in paragraph at lines 98--99
\T1/cmr/m/n/12 Hei-del-berg als wis-sen-schaft-li-che Hilfs-kraft im Pro-jekt [
][]Open-rou-te-ser-vice (ORS)[]
 []

Package babel Info: Redefining german shorthand "f
(babel)             in language  on input line 115.
Package babel Info: Redefining german shorthand "|
(babel)             in language  on input line 115.
Package babel Info: Redefining german shorthand "~
(babel)             in language  on input line 115.
Package babel Info: Redefining german shorthand "f
(babel)             in language  on input line 115.
Package babel Info: Redefining german shorthand "|
(babel)             in language  on input line 115.
Package babel Info: Redefining german shorthand "~
(babel)             in language  on input line 115.
[6]
Package babel Info: Redefining german shorthand "f
(babel)             in language  on input line 117.
Package babel Info: Redefining german shorthand "|
(babel)             in language  on input line 117.
Package babel Info: Redefining german shorthand "~
(babel)             in language  on input line 117.
Package babel Info: Redefining german shorthand "f
(babel)             in language  on input line 123.
Package babel Info: Redefining german shorthand "|
(babel)             in language  on input line 123.
Package babel Info: Redefining german shorthand "~
(babel)             in language  on input line 123.
Package babel Info: Redefining german shorthand "f
(babel)             in language  on input line 123.
Package babel Info: Redefining german shorthand "|
(babel)             in language  on input line 123.
Package babel Info: Redefining german shorthand "~
(babel)             in language  on input line 123.
 [7]
Package babel Info: Redefining german shorthand "f
(babel)             in language  on input line 124.
Package babel Info: Redefining german shorthand "|
(babel)             in language  on input line 124.
Package babel Info: Redefining german shorthand "~
(babel)             in language  on input line 124.
Package babel Info: Redefining german shorthand "f
(babel)             in language  on input line 128.
Package babel Info: Redefining german shorthand "|
(babel)             in language  on input line 128.
Package babel Info: Redefining german shorthand "~
(babel)             in language  on input line 128.
 <../media/simpel.pdf, id=249, 182.98863pt x 94.05037pt>
File: ../media/simpel.pdf Graphic file (type pdf)

<use ../media/simpel.pdf>
Package pdftex.def Info: ../media/simpel.pdf used on input line 146.
(pdftex.def)             Requested size: 191.10214pt x 98.22192pt.
Package babel Info: Redefining german shorthand "f
(babel)             in language  on input line 174.
Package babel Info: Redefining german shorthand "|
(babel)             in language  on input line 174.
Package babel Info: Redefining german shorthand "~
(babel)             in language  on input line 174.
Package babel Info: Redefining german shorthand "f
(babel)             in language  on input line 174.
Package babel Info: Redefining german shorthand "|
(babel)             in language  on input line 174.
Package babel Info: Redefining german shorthand "~
(babel)             in language  on input line 174.
 [8 <../media/simpel.pdf>]
<../media/iso1.pdf, id=281, 160.08406pt x 94.05037pt>
File: ../media/iso1.pdf Graphic file (type pdf)
 <use ../media/iso1.pdf>
Package pdftex.def Info: ../media/iso1.pdf used on input line 182.
(pdftex.def)             Requested size: 163.79929pt x 96.23576pt.

<../media/iso2.pdf, id=282, 115.57881pt x 117.29019pt>
File: ../media/iso2.pdf Graphic file (type pdf)
 <use ../media/iso2.pdf>
Package pdftex.def Info: ../media/iso2.pdf used on input line 189.
(pdftex.def)             Requested size: 117.00119pt x 118.73238pt.


LaTeX Warning: `h' float specifier changed to `ht'.

Package babel Info: Redefining german shorthand "f
(babel)             in language  on input line 218.
Package babel Info: Redefining german shorthand "|
(babel)             in language  on input line 218.
Package babel Info: Redefining german shorthand "~
(babel)             in language  on input line 218.
<../media/gerichtet.pdf, id=285, 182.98863pt x 94.05037pt>
File: ../media/gerichtet.pdf Graphic file (type pdf)

<use ../media/gerichtet.pdf>
Package pdftex.def Info: ../media/gerichtet.pdf used on input line 228.
(pdftex.def)             Requested size: 191.10214pt x 98.22192pt.


LaTeX Warning: `h' float specifier changed to `ht'.

Package babel Info: Redefining german shorthand "f
(babel)             in language  on input line 254.
Package babel Info: Redefining german shorthand "|
(babel)             in language  on input line 254.
Package babel Info: Redefining german shorthand "~
(babel)             in language  on input line 254.
Package babel Info: Redefining german shorthand "f
(babel)             in language  on input line 260.
Package babel Info: Redefining german shorthand "|
(babel)             in language  on input line 260.
Package babel Info: Redefining german shorthand "~
(babel)             in language  on input line 260.
Package babel Info: Redefining german shorthand "f
(babel)             in language  on input line 260.
Package babel Info: Redefining german shorthand "|
(babel)             in language  on input line 260.
Package babel Info: Redefining german shorthand "~
(babel)             in language  on input line 260.
[9] <../media/gewichtet.pdf, id=292, 160.08406pt x 94.05037pt>
File: ../media/gewichtet.pdf Graphic file (type pdf)

<use ../media/gewichtet.pdf>
Package pdftex.def Info: ../media/gewichtet.pdf used on input line 265.
(pdftex.def)             Requested size: 191.10214pt x 112.2772pt.


LaTeX Warning: `h' float specifier changed to `ht'.

Package babel Info: Redefining german shorthand "f
(babel)             in language  on input line 293.
Package babel Info: Redefining german shorthand "|
(babel)             in language  on input line 293.
Package babel Info: Redefining german shorthand "~
(babel)             in language  on input line 293.
Package babel Info: Redefining german shorthand "f
(babel)             in language  on input line 297.
Package babel Info: Redefining german shorthand "|
(babel)             in language  on input line 297.
Package babel Info: Redefining german shorthand "~
(babel)             in language  on input line 297.
Package babel Info: Redefining german shorthand "f
(babel)             in language  on input line 297.
Package babel Info: Redefining german shorthand "|
(babel)             in language  on input line 297.
Package babel Info: Redefining german shorthand "~
(babel)             in language  on input line 297.
[10 <../media/iso1.pdf> <../media/iso2.pdf>]
Package babel Info: Redefining german shorthand "f
(babel)             in language  on input line 299.
Package babel Info: Redefining german shorthand "|
(babel)             in language  on input line 299.
Package babel Info: Redefining german shorthand "~
(babel)             in language  on input line 299.
Package babel Info: Redefining german shorthand "f
(babel)             in language  on input line 299.
Package babel Info: Redefining german shorthand "|
(babel)             in language  on input line 299.
Package babel Info: Redefining german shorthand "~
(babel)             in language  on input line 299.
 [11 <../media/gerichtet.pdf> <../media/gewichtet.pdf>] <../media/towers.pdf, i
d=343, 579.44691pt x 280.17674pt>
File: ../media/towers.pdf Graphic file (type pdf)

<use ../media/towers.pdf>
Package pdftex.def Info: ../media/towers.pdf used on input line 302.
(pdftex.def)             Requested size: 390.0pt x 188.57674pt.
Package babel Info: Redefining german shorthand "f
(babel)             in language  on input line 307.
Package babel Info: Redefining german shorthand "|
(babel)             in language  on input line 307.
Package babel Info: Redefining german shorthand "~
(babel)             in language  on input line 307.
Package babel Info: Redefining german shorthand "f
(babel)             in language  on input line 313.
Package babel Info: Redefining german shorthand "|
(babel)             in language  on input line 313.
Package babel Info: Redefining german shorthand "~
(babel)             in language  on input line 313.
Package babel Info: Redefining german shorthand "f
(babel)             in language  on input line 313.
Package babel Info: Redefining german shorthand "|
(babel)             in language  on input line 313.
Package babel Info: Redefining german shorthand "~
(babel)             in language  on input line 313.
 [12 <../media/towers.pdf>]
Package babel Info: Redefining german shorthand "f
(babel)             in language  on input line 314.
Package babel Info: Redefining german shorthand "|
(babel)             in language  on input line 314.
Package babel Info: Redefining german shorthand "~
(babel)             in language  on input line 314.
Package babel Info: Redefining german shorthand "f
(babel)             in language  on input line 321.
Package babel Info: Redefining german shorthand "|
(babel)             in language  on input line 321.
Package babel Info: Redefining german shorthand "~
(babel)             in language  on input line 321.
Package babel Info: Redefining german shorthand "f
(babel)             in language  on input line 325.
Package babel Info: Redefining german shorthand "|
(babel)             in language  on input line 325.
Package babel Info: Redefining german shorthand "~
(babel)             in language  on input line 325.
Package babel Info: Redefining german shorthand "f
(babel)             in language  on input line 325.
Package babel Info: Redefining german shorthand "|
(babel)             in language  on input line 325.
Package babel Info: Redefining german shorthand "~
(babel)             in language  on input line 325.
 [13]
<../media/dijkstra.pdf, id=383, 160.08406pt x 94.05037pt>
File: ../media/dijkstra.pdf Graphic file (type pdf)

<use ../media/dijkstra.pdf>
Package pdftex.def Info: ../media/dijkstra.pdf used on input line 332.
(pdftex.def)             Requested size: 191.10214pt x 112.2772pt.

<../media/dijkstra1.pdf, id=385, 163.06822pt x 96.60492pt>
File: ../media/dijkstra1.pdf Graphic file (type pdf)

<use ../media/dijkstra1.pdf>
Package pdftex.def Info: ../media/dijkstra1.pdf used on input line 369.
(pdftex.def)             Requested size: 124.80286pt x 73.93788pt.

Underfull \hbox (badness 10000) in paragraph at lines 369--370

 []

<../media/dijkstra2.pdf, id=386, 163.06822pt x 96.60492pt>
File: ../media/dijkstra2.pdf Graphic file (type pdf)

<use ../media/dijkstra2.pdf>
Package pdftex.def Info: ../media/dijkstra2.pdf used on input line 375.
(pdftex.def)             Requested size: 124.80286pt x 73.93788pt.

Underfull \hbox (badness 10000) in paragraph at lines 375--376

 []

<../media/dijkstra3.pdf, id=387, 163.06822pt x 96.60492pt>
File: ../media/dijkstra3.pdf Graphic file (type pdf)

<use ../media/dijkstra3.pdf>
Package pdftex.def Info: ../media/dijkstra3.pdf used on input line 381.
(pdftex.def)             Requested size: 124.80286pt x 73.93788pt.

Underfull \hbox (badness 10000) in paragraph at lines 381--382

 []

<../media/dijkstra4.pdf, id=388, 163.06822pt x 96.60492pt>
File: ../media/dijkstra4.pdf Graphic file (type pdf)

<use ../media/dijkstra4.pdf>
Package pdftex.def Info: ../media/dijkstra4.pdf used on input line 387.
(pdftex.def)             Requested size: 124.80286pt x 73.93788pt.

Underfull \hbox (badness 10000) in paragraph at lines 387--388

 []

<../media/dijkstra5.pdf, id=389, 163.06822pt x 96.60492pt>
File: ../media/dijkstra5.pdf Graphic file (type pdf)

<use ../media/dijkstra5.pdf>
Package pdftex.def Info: ../media/dijkstra5.pdf used on input line 393.
(pdftex.def)             Requested size: 124.80286pt x 73.93788pt.

Underfull \hbox (badness 10000) in paragraph at lines 393--394

 []


Overfull \hbox (1.22687pt too wide) in paragraph at lines 400--409
[][] 
 []


LaTeX Warning: `h' float specifier changed to `ht'.

Package babel Info: Redefining german shorthand "f
(babel)             in language  on input line 417.
Package babel Info: Redefining german shorthand "|
(babel)             in language  on input line 417.
Package babel Info: Redefining german shorthand "~
(babel)             in language  on input line 417.
Package babel Info: Redefining german shorthand "f
(babel)             in language  on input line 417.
Package babel Info: Redefining german shorthand "|
(babel)             in language  on input line 417.
Package babel Info: Redefining german shorthand "~
(babel)             in language  on input line 417.
[14 <../media/dijkstra.pdf>]
Package babel Info: Redefining german shorthand "f
(babel)             in language  on input line 418.
Package babel Info: Redefining german shorthand "|
(babel)             in language  on input line 418.
Package babel Info: Redefining german shorthand "~
(babel)             in language  on input line 418.

Overfull \hbox (2.96362pt too wide) in paragraph at lines 425--425
 []\T1/cmr/bx/n/12 Bidirectional Di-jk-stra: \T1/cmr/m/n/12 Beim bi-di-rec-tio-
nal Di-jk-stra wer-den zeit-gleich zwei
 []

Package babel Info: Redefining german shorthand "f
(babel)             in language  on input line 425.
Package babel Info: Redefining german shorthand "|
(babel)             in language  on input line 425.
Package babel Info: Redefining german shorthand "~
(babel)             in language  on input line 425.
Package babel Info: Redefining german shorthand "f
(babel)             in language  on input line 425.
Package babel Info: Redefining german shorthand "|
(babel)             in language  on input line 425.
Package babel Info: Redefining german shorthand "~
(babel)             in language  on input line 425.
[15 <../media/dijkstra1.pdf> <../media/dijkstra2.pdf> <../media/dijkstra3.pdf> 
<../media/dijkstra4.pdf> <../media/dijkstra5.pdf>]
<../media/normaldijkstra.pdf, id=461, 421.9765pt x 418.96524pt>
File: ../media/normaldijkstra.pdf Graphic file (type pdf)

<use ../media/normaldijkstra.pdf>
Package pdftex.def Info: ../media/normaldijkstra.pdf used on input line 432.
(pdftex.def)             Requested size: 117.00119pt x 116.16513pt.

<../media/bidijkstra.pdf, id=462, 418.96524pt x 418.96524pt>
File: ../media/bidijkstra.pdf Graphic file (type pdf)

<use ../media/bidijkstra.pdf>
Package pdftex.def Info: ../media/bidijkstra.pdf used on input line 438.
(pdftex.def)             Requested size: 117.00119pt x 116.9962pt.

<../media/stardijkstra.pdf, id=463, 275.429pt x 141.27179pt>
File: ../media/stardijkstra.pdf Graphic file (type pdf)

<use ../media/stardijkstra.pdf>
Package pdftex.def Info: ../media/stardijkstra.pdf used on input line 445.
(pdftex.def)             Requested size: 117.00119pt x 60.01276pt.
Package babel Info: Redefining german shorthand "f
(babel)             in language  on input line 460.
Package babel Info: Redefining german shorthand "|
(babel)             in language  on input line 460.
Package babel Info: Redefining german shorthand "~
(babel)             in language  on input line 460.
Package babel Info: Redefining german shorthand "f
(babel)             in language  on input line 464.
Package babel Info: Redefining german shorthand "|
(babel)             in language  on input line 464.
Package babel Info: Redefining german shorthand "~
(babel)             in language  on input line 464.
Package babel Info: Redefining german shorthand "f
(babel)             in language  on input line 464.
Package babel Info: Redefining german shorthand "|
(babel)             in language  on input line 464.
Package babel Info: Redefining german shorthand "~
(babel)             in language  on input line 464.
 [16 <../media/normaldijkstra.pdf> <../media/bidijkstra.pdf> <../media/stardijk
stra.pdf>]
Package babel Info: Redefining german shorthand "f
(babel)             in language  on input line 468.
Package babel Info: Redefining german shorthand "|
(babel)             in language  on input line 468.
Package babel Info: Redefining german shorthand "~
(babel)             in language  on input line 468.

<../media/grid.pdf, id=493, 118.81187pt x 75.31738pt>
File: ../media/grid.pdf Graphic file (type pdf)
 <use ../media/grid.pdf>
Package pdftex.def Info: ../media/grid.pdf used on input line 476.
(pdftex.def)             Requested size: 183.30048pt x 116.21205pt.

<../media/gridsnap.pdf, id=494, 132.29425pt x 84.11426pt>
File: ../media/gridsnap.pdf Graphic file (type pdf)

<use ../media/gridsnap.pdf>
Package pdftex.def Info: ../media/gridsnap.pdf used on input line 483.
(pdftex.def)             Requested size: 183.30048pt x 116.55524pt.

<../media/gridedge.pdf, id=495, 139.63669pt x 88.00679pt>
File: ../media/gridedge.pdf Graphic file (type pdf)

<use ../media/gridedge.pdf>
Package pdftex.def Info: ../media/gridedge.pdf used on input line 490.
(pdftex.def)             Requested size: 171.60095pt x 108.1604pt.

<../media/gridiso.pdf, id=496, 147.45087pt x 77.088pt>
File: ../media/gridiso.pdf Graphic file (type pdf)

<use ../media/gridiso.pdf>
Package pdftex.def Info: ../media/gridiso.pdf used on input line 496.
(pdftex.def)             Requested size: 183.30048pt x 95.83865pt.
Package babel Info: Redefining german shorthand "f
(babel)             in language  on input line 512.
Package babel Info: Redefining german shorthand "|
(babel)             in language  on input line 512.
Package babel Info: Redefining german shorthand "~
(babel)             in language  on input line 512.
Package babel Info: Redefining german shorthand "f
(babel)             in language  on input line 512.
Package babel Info: Redefining german shorthand "|
(babel)             in language  on input line 512.
Package babel Info: Redefining german shorthand "~
(babel)             in language  on input line 512.
 [17 <../media/grid.pdf> <../media/gridsnap.pdf> <../media/gridedge.pdf> <../me
dia/gridiso.pdf>]
Package babel Info: Redefining german shorthand "f
(babel)             in language  on input line 513.
Package babel Info: Redefining german shorthand "|
(babel)             in language  on input line 513.
Package babel Info: Redefining german shorthand "~
(babel)             in language  on input line 513.
Package babel Info: Redefining german shorthand "f
(babel)             in language  on input line 523.
Package babel Info: Redefining german shorthand "|
(babel)             in language  on input line 523.
Package babel Info: Redefining german shorthand "~
(babel)             in language  on input line 523.
Package babel Info: Redefining german shorthand "f
(babel)             in language  on input line 528.
Package babel Info: Redefining german shorthand "|
(babel)             in language  on input line 528.
Package babel Info: Redefining german shorthand "~
(babel)             in language  on input line 528.
Package babel Info: Redefining german shorthand "f
(babel)             in language  on input line 528.
Package babel Info: Redefining german shorthand "|
(babel)             in language  on input line 528.
Package babel Info: Redefining german shorthand "~
(babel)             in language  on input line 528.
 [18]
Package babel Info: Redefining german shorthand "f
(babel)             in language  on input line 529.
Package babel Info: Redefining german shorthand "|
(babel)             in language  on input line 529.
Package babel Info: Redefining german shorthand "~
(babel)             in language  on input line 529.
Package babel Info: Redefining german shorthand "f
(babel)             in language  on input line 531.
Package babel Info: Redefining german shorthand "|
(babel)             in language  on input line 531.
Package babel Info: Redefining german shorthand "~
(babel)             in language  on input line 531.
Package babel Info: Redefining german shorthand "f
(babel)             in language  on input line 534.
Package babel Info: Redefining german shorthand "|
(babel)             in language  on input line 534.
Package babel Info: Redefining german shorthand "~
(babel)             in language  on input line 534.
Package babel Info: Redefining german shorthand "f
(babel)             in language  on input line 555.
Package babel Info: Redefining german shorthand "|
(babel)             in language  on input line 555.
Package babel Info: Redefining german shorthand "~
(babel)             in language  on input line 555.
Package babel Info: Redefining german shorthand "f
(babel)             in language  on input line 560.
Package babel Info: Redefining german shorthand "|
(babel)             in language  on input line 560.
Package babel Info: Redefining german shorthand "~
(babel)             in language  on input line 560.
Package babel Info: Redefining german shorthand "f
(babel)             in language  on input line 565.
Package babel Info: Redefining german shorthand "|
(babel)             in language  on input line 565.
Package babel Info: Redefining german shorthand "~
(babel)             in language  on input line 565.
Package babel Info: Redefining german shorthand "f
(babel)             in language  on input line 565.
Package babel Info: Redefining german shorthand "|
(babel)             in language  on input line 565.
Package babel Info: Redefining german shorthand "~
(babel)             in language  on input line 565.
 [19]
Package babel Info: Redefining german shorthand "f
(babel)             in language  on input line 566.
Package babel Info: Redefining german shorthand "|
(babel)             in language  on input line 566.
Package babel Info: Redefining german shorthand "~
(babel)             in language  on input line 566.
Package babel Info: Redefining german shorthand "f
(babel)             in language  on input line 576.
Package babel Info: Redefining german shorthand "|
(babel)             in language  on input line 576.
Package babel Info: Redefining german shorthand "~
(babel)             in language  on input line 576.
Package babel Info: Redefining german shorthand "f
(babel)             in language  on input line 576.
Package babel Info: Redefining german shorthand "|
(babel)             in language  on input line 576.
Package babel Info: Redefining german shorthand "~
(babel)             in language  on input line 576.
 [20]
Package babel Info: Redefining german shorthand "f
(babel)             in language  on input line 577.
Package babel Info: Redefining german shorthand "|
(babel)             in language  on input line 577.
Package babel Info: Redefining german shorthand "~
(babel)             in language  on input line 577.
Package babel Info: Redefining german shorthand "f
(babel)             in language  on input line 584.
Package babel Info: Redefining german shorthand "|
(babel)             in language  on input line 584.
Package babel Info: Redefining german shorthand "~
(babel)             in language  on input line 584.
Package babel Info: Redefining german shorthand "f
(babel)             in language  on input line 584.
Package babel Info: Redefining german shorthand "|
(babel)             in language  on input line 584.
Package babel Info: Redefining german shorthand "~
(babel)             in language  on input line 584.
 [21]
Package babel Info: Redefining german shorthand "f
(babel)             in language  on input line 585.
Package babel Info: Redefining german shorthand "|
(babel)             in language  on input line 585.
Package babel Info: Redefining german shorthand "~
(babel)             in language  on input line 585.

Overfull \hbox (41.4766pt too wide) in paragraph at lines 587--590
\T1/cmr/m/n/12 Suche nach Lösch-was-ser quel-len um den Ziel-punkt ( osm tag em
er-gen-cy=fire_hydrant
 []

LaTeX Font Info:    Try loading font information for T1+cmtt on input line 591.

(/usr/share/texlive/texmf-dist/tex/latex/base/t1cmtt.fd
File: t1cmtt.fd 2014/09/29 v2.5h Standard LaTeX font definitions
)
Overfull \hbox (2.94493pt too wide) in paragraph at lines 592--592
[]\T1/cmr/m/n/12 OpenStreetMap-Wiki. \T1/cmr/m/it/12 DE:Relationen\T1/cmr/m/n/1
2 . 2015. \T1/cmr/m/sc/12 url\T1/cmr/m/n/12 : []$\T1/cmtt/m/n/12 https : / / wi
ki .
 []


Overfull \hbox (3.5927pt too wide) in paragraph at lines 592--592
\T1/cmr/m/n/12 rech-nung von län-der-über-grei-fen-den Er-reich-bar-keits-po-te
n-zia-len am
 []


Overfull \hbox (8.64598pt too wide) in paragraph at lines 592--592
\T1/cmr/m/n/12 Bei-spiel von Open-Street-Map^^P. In: \T1/cmr/m/it/12 An-ge-wand
-te Geo-in-for-ma-tik 2012\T1/cmr/m/n/12 .
 []


Overfull \hbox (52.30858pt too wide) in paragraph at lines 592--592
\T1/cmtt/m/n/12 Fortschreibung % 20der % 20Empfehlung % 20der % 20Qualitaetskri
terien %
 []


Overfull \hbox (9.09413pt too wide) in paragraph at lines 592--592
\T1/cmtt/m/n/12 20fuer % 20die % 20Bedarfsplanung % 20in % 20Staedten % 20Layou
t %
 []


Overfull \hbox (9.82951pt too wide) in paragraph at lines 592--592
[]\T1/cmr/m/n/12 Harmut Nol-te-mei-er Sven Oli-ver Krum-ke. \T1/cmr/m/it/12 Gra
-phen-theo-re-ti-sche Kon-
 []

Package babel Info: Redefining german shorthand "f
(babel)             in language  on input line 593.
Package babel Info: Redefining german shorthand "|
(babel)             in language  on input line 593.
Package babel Info: Redefining german shorthand "~
(babel)             in language  on input line 593.
Package babel Info: Redefining german shorthand "f
(babel)             in language  on input line 593.
Package babel Info: Redefining german shorthand "|
(babel)             in language  on input line 593.
Package babel Info: Redefining german shorthand "~
(babel)             in language  on input line 593.
[22]
Package babel Info: Redefining german shorthand "f
(babel)             in language  on input line 597.
Package babel Info: Redefining german shorthand "|
(babel)             in language  on input line 597.
Package babel Info: Redefining german shorthand "~
(babel)             in language  on input line 597.
Package babel Info: Redefining german shorthand "f
(babel)             in language  on input line 597.
Package babel Info: Redefining german shorthand "|
(babel)             in language  on input line 597.
Package babel Info: Redefining german shorthand "~
(babel)             in language  on input line 597.
 [23]
Package atveryend Info: Empty hook `BeforeClearDocument' on input line 601.
Package babel Info: Redefining german shorthand "f
(babel)             in language  on input line 601.
Package babel Info: Redefining german shorthand "|
(babel)             in language  on input line 601.
Package babel Info: Redefining german shorthand "~
(babel)             in language  on input line 601.
Package babel Info: Redefining german shorthand "f
(babel)             in language  on input line 601.
Package babel Info: Redefining german shorthand "|
(babel)             in language  on input line 601.
Package babel Info: Redefining german shorthand "~
(babel)             in language  on input line 601.
 [24
runsystem(makeindex -s Thesis.ist -t Thesis.alg -o Thesis.acr Thesis.acn)...exe
cuted safely (allowed).

]
Package atveryend Info: Empty hook `AfterLastShipout' on input line 601.
 (./Thesis.aux)
Package atveryend Info: Executing hook `AtVeryEndDocument' on input line 601.
Package atveryend Info: Executing hook `AtEndAfterFileList' on input line 601.
Package rerunfilecheck Info: File `Thesis.out' has not changed.
(rerunfilecheck)             Checksum: B6B879B612544119B718A5EE5391DF67;1771.
Package logreq Info: Writing requests to 'Thesis.run.xml'.
\openout1 = `Thesis.run.xml'.

 ) 
Here is how much of TeX's memory you used:
 19343 strings out of 493029
 305349 string characters out of 6136234
 804795 words of memory out of 5000000
 22430 multiletter control sequences out of 15000+600000
 25356 words of font info for 65 fonts, out of 8000000 for 9000
 1143 hyphenation exceptions out of 8191
 46i,18n,77p,1934b,1492s stack positions out of 5000i,500n,10000p,200000b,80000s
{/usr/share/texmf/fonts/enc/dvips/cm-super/cm-super-t1.enc}</usr/share/texliv
e/texmf-dist/fonts/type1/public/amsfonts/cm/cmex10.pfb></usr/share/texlive/texm
f-dist/fonts/type1/public/amsfonts/cm/cmmi10.pfb></usr/share/texlive/texmf-dist
/fonts/type1/public/amsfonts/cm/cmmi12.pfb></usr/share/texlive/texmf-dist/fonts
/type1/public/amsfonts/cm/cmmi7.pfb></usr/share/texlive/texmf-dist/fonts/type1/
public/amsfonts/cm/cmmi8.pfb></usr/share/texlive/texmf-dist/fonts/type1/public/
amsfonts/cm/cmr10.pfb></usr/share/texlive/texmf-dist/fonts/type1/public/amsfont
s/cm/cmr12.pfb></usr/share/texlive/texmf-dist/fonts/type1/public/amsfonts/cm/cm
r17.pfb></usr/share/texlive/texmf-dist/fonts/type1/public/amsfonts/cm/cmr5.pfb>
</usr/share/texlive/texmf-dist/fonts/type1/public/amsfonts/cm/cmr7.pfb></usr/sh
are/texlive/texmf-dist/fonts/type1/public/amsfonts/cm/cmr8.pfb></usr/share/texl
ive/texmf-dist/fonts/type1/public/amsfonts/cm/cmr9.pfb></usr/share/texlive/texm
f-dist/fonts/type1/public/amsfonts/cm/cmsy10.pfb></usr/share/texlive/texmf-dist
/fonts/type1/public/amsfonts/symbols/msbm10.pfb></usr/share/texmf/fonts/type1/p
ublic/cm-super/sfbx1200.pfb></usr/share/texmf/fonts/type1/public/cm-super/sfbx1
440.pfb></usr/share/texmf/fonts/type1/public/cm-super/sfbx1728.pfb></usr/share/
texmf/fonts/type1/public/cm-super/sfbx2074.pfb></usr/share/texmf/fonts/type1/pu
blic/cm-super/sfbx2488.pfb></usr/share/texmf/fonts/type1/public/cm-super/sfcc12
00.pfb></usr/share/texmf/fonts/type1/public/cm-super/sfcc2074.pfb></usr/share/t
exmf/fonts/type1/public/cm-super/sfrm0700.pfb></usr/share/texmf/fonts/type1/pub
lic/cm-super/sfrm0800.pfb></usr/share/texmf/fonts/type1/public/cm-super/sfrm100
0.pfb></usr/share/texmf/fonts/type1/public/cm-super/sfrm1095.pfb></usr/share/te
xmf/fonts/type1/public/cm-super/sfrm1200.pfb></usr/share/texmf/fonts/type1/publ
ic/cm-super/sfrm1440.pfb></usr/share/texmf/fonts/type1/public/cm-super/sfti1200
.pfb></usr/share/texmf/fonts/type1/public/cm-super/sfti1728.pfb></usr/share/tex
mf/fonts/type1/public/cm-super/sftt1200.pfb>
Output written on Thesis.pdf (25 pages, 609946 bytes).
PDF statistics:
 695 PDF objects out of 1000 (max. 8388607)
 574 compressed objects within 6 object streams
 96 named destinations out of 1000 (max. 500000)
 304 words of extra memory for PDF output out of 10000 (max. 10000000)

